<?xml version="1.0" encoding="UTF-8"?>
<!-- Generated by org.testng.reporters.JUnitReportReporter -->
<testsuite hostname="Vinoth-Kumar-T.local" failures="0" tests="1" name="googletest.GoogeTest" time="10.283" errors="0" timestamp="04 Dec 2021 12:04:17 GMT" skipped="0">
  <testcase classname="googletest.GoogeTest" name="testGoogle" time="10.283"/>
</testsuite> <!-- googletest.GoogeTest -->
