<?xml version="1.0" encoding="UTF-8"?>
<!-- Generated by org.testng.reporters.JUnitReportReporter -->
<testsuite hostname="LAPTOP-A6R9FVBD" failures="0" tests="1" name="googletest.GoogeTest" time="7.058" errors="0" timestamp="2023-06-12T12:29:17 IST" skipped="0">
  <testcase classname="googletest.GoogeTest" name="testGoogle" time="7.058"/>
  <system-out/>
</testsuite> <!-- googletest.GoogeTest -->
