<?xml version="1.0" encoding="UTF-8"?>
<!-- Generated by org.testng.reporters.JUnitReportReporter -->
<testsuite hostname="LAPTOP-A6R9FVBD" failures="0" tests="1" name="amazontest.AmazonPageTest" time="4.555" errors="0" timestamp="2023-06-12T13:58:13 IST" skipped="0">
  <testcase classname="amazontest.AmazonPageTest" name="testGoogle" time="4.555"/>
</testsuite> <!-- amazontest.AmazonPageTest -->
